[19-Jun-2017 15:15:38] PHP Strict Standards:  Non-static method PEAR::isError() should not be called statically, assuming $this from incompatible context in /usr/share/pear/Mail/smtp.php on line 365
[19-Jun-2017 15:15:38] PHP Strict Standards:  Non-static method PEAR::isError() should not be called statically, assuming $this from incompatible context in /usr/share/pear/Net/SMTP.php on line 450
[19-Jun-2017 15:15:38] PHP Strict Standards:  Non-static method PEAR::isError() should not be called statically, assuming $this from incompatible context in /usr/share/pear/Net/SMTP.php on line 467
[19-Jun-2017 15:15:43] PHP Strict Standards:  Non-static method PEAR::isError() should not be called statically, assuming $this from incompatible context in /usr/share/pear/Net/SMTP.php on line 474
[19-Jun-2017 15:15:43] PHP Strict Standards:  Non-static method PEAR::isError() should not be called statically, assuming $this from incompatible context in /usr/share/pear/Net/SMTP.php on line 517
[19-Jun-2017 15:15:43] PHP Strict Standards:  Non-static method PEAR::isError() should not be called statically, assuming $this from incompatible context in /usr/share/pear/Net/SMTP.php on line 265
[19-Jun-2017 15:15:43] PHP Strict Standards:  Non-static method PEAR::isError() should not be called statically, assuming $this from incompatible context in /usr/share/pear/Net/SMTP.php on line 521
[19-Jun-2017 15:15:43] PHP Strict Standards:  Non-static method PEAR::isError() should not be called statically, assuming $this from incompatible context in /usr/share/pear/Mail/smtp.php on line 376
[19-Jun-2017 15:15:43] PHP Strict Standards:  Non-static method PEAR::isError() should not be called statically, assuming $this from incompatible context in /usr/share/pear/Net/SMTP.php on line 604
[19-Jun-2017 15:15:43] PHP Strict Standards:  Non-static method PEAR::isError() should not be called statically, assuming $this from incompatible context in /usr/share/pear/Net/SMTP.php on line 265
[19-Jun-2017 15:15:43] PHP Strict Standards:  Non-static method PEAR::isError() should not be called statically, assuming $this from incompatible context in /usr/share/pear/Net/SMTP.php on line 607
[19-Jun-2017 15:15:43] PHP Strict Standards:  Non-static method PEAR::isError() should not be called statically, assuming $this from incompatible context in /usr/share/pear/Net/SMTP.php on line 610
[19-Jun-2017 15:15:43] PHP Strict Standards:  Non-static method PEAR::isError() should not be called statically, assuming $this from incompatible context in /usr/share/pear/Net/SMTP.php on line 517
[19-Jun-2017 15:15:43] PHP Strict Standards:  Non-static method PEAR::isError() should not be called statically, assuming $this from incompatible context in /usr/share/pear/Net/SMTP.php on line 265
[19-Jun-2017 15:15:43] PHP Strict Standards:  Non-static method PEAR::isError() should not be called statically, assuming $this from incompatible context in /usr/share/pear/Net/SMTP.php on line 521
[19-Jun-2017 15:15:43] PHP Strict Standards:  Non-static method PEAR::isError() should not be called statically, assuming $this from incompatible context in /usr/share/pear/Net/SMTP.php on line 628
[19-Jun-2017 15:15:43] PHP Strict Standards:  Non-static method PEAR::isError() should not be called statically, assuming $this from incompatible context in /usr/share/pear/Net/SMTP.php on line 809
[19-Jun-2017 15:15:43] PHP Strict Standards:  Non-static method PEAR::isError() should not be called statically, assuming $this from incompatible context in /usr/share/pear/Net/SMTP.php on line 265
[19-Jun-2017 15:15:43] PHP Strict Standards:  Non-static method PEAR::isError() should not be called statically, assuming $this from incompatible context in /usr/share/pear/Net/SMTP.php on line 813
[19-Jun-2017 15:15:44] PHP Strict Standards:  Non-static method PEAR::isError() should not be called statically, assuming $this from incompatible context in /usr/share/pear/Net/SMTP.php on line 821
[19-Jun-2017 15:15:44] PHP Strict Standards:  Non-static method PEAR::isError() should not be called statically, assuming $this from incompatible context in /usr/share/pear/Net/SMTP.php on line 265
[19-Jun-2017 15:15:44] PHP Strict Standards:  Non-static method PEAR::isError() should not be called statically, assuming $this from incompatible context in /usr/share/pear/Net/SMTP.php on line 825
[19-Jun-2017 15:15:44] PHP Strict Standards:  Non-static method PEAR::isError() should not be called statically, assuming $this from incompatible context in /usr/share/pear/Net/SMTP.php on line 829
[19-Jun-2017 15:15:44] PHP Strict Standards:  Non-static method PEAR::isError() should not be called statically, assuming $this from incompatible context in /usr/share/pear/Net/SMTP.php on line 265
[19-Jun-2017 15:15:44] PHP Strict Standards:  Non-static method PEAR::isError() should not be called statically, assuming $this from incompatible context in /usr/share/pear/Net/SMTP.php on line 834
[19-Jun-2017 15:15:44] PHP Strict Standards:  Non-static method PEAR::isError() should not be called statically, assuming $this from incompatible context in /usr/share/pear/Net/SMTP.php on line 656
[19-Jun-2017 15:15:44] PHP Strict Standards:  Non-static method PEAR::isError() should not be called statically, assuming $this from incompatible context in /usr/share/pear/Mail/smtp.php on line 249
[19-Jun-2017 15:15:44] PHP Strict Standards:  Non-static method PEAR::isError() should not be called statically, assuming $this from incompatible context in /usr/share/pear/Mail/smtp.php on line 285
[19-Jun-2017 15:15:44] PHP Strict Standards:  Non-static method PEAR::isError() should not be called statically, assuming $this from incompatible context in /usr/share/pear/Net/SMTP.php on line 952
[19-Jun-2017 15:15:44] PHP Strict Standards:  Non-static method PEAR::isError() should not be called statically, assuming $this from incompatible context in /usr/share/pear/Net/SMTP.php on line 265
[19-Jun-2017 15:15:44] PHP Strict Standards:  Non-static method PEAR::isError() should not be called statically, assuming $this from incompatible context in /usr/share/pear/Net/SMTP.php on line 955
[19-Jun-2017 15:15:44] PHP Strict Standards:  Non-static method Mail_RFC822::parseAddressList() should not be called statically, assuming $this from incompatible context in /home/insigniamobile/public_html/Envio de correos desde el FE/Mail.php on line 253
[19-Jun-2017 15:15:44] PHP Strict Standards:  Non-static method PEAR::isError() should not be called statically, assuming $this from incompatible context in /usr/share/pear/Net/SMTP.php on line 982
[19-Jun-2017 15:15:44] PHP Strict Standards:  Non-static method PEAR::isError() should not be called statically, assuming $this from incompatible context in /usr/share/pear/Net/SMTP.php on line 265
[19-Jun-2017 15:15:44] PHP Strict Standards:  Non-static method PEAR::isError() should not be called statically, assuming $this from incompatible context in /usr/share/pear/Net/SMTP.php on line 985
[19-Jun-2017 15:15:44] PHP Strict Standards:  Non-static method PEAR::isError() should not be called statically, assuming $this from incompatible context in /usr/share/pear/Net/SMTP.php on line 1063
[19-Jun-2017 15:15:44] PHP Strict Standards:  Non-static method PEAR::isError() should not be called statically, assuming $this from incompatible context in /usr/share/pear/Net/SMTP.php on line 265
[19-Jun-2017 15:15:44] PHP Strict Standards:  Non-static method PEAR::isError() should not be called statically, assuming $this from incompatible context in /usr/share/pear/Net/SMTP.php on line 1066
[19-Jun-2017 15:15:44] PHP Strict Standards:  Non-static method PEAR::isError() should not be called statically, assuming $this from incompatible context in /usr/share/pear/Net/SMTP.php on line 1126
[19-Jun-2017 15:15:44] PHP Strict Standards:  Non-static method PEAR::isError() should not be called statically, assuming $this from incompatible context in /usr/share/pear/Net/SMTP.php on line 265
[19-Jun-2017 15:15:44] PHP Strict Standards:  Non-static method PEAR::isError() should not be called statically, assuming $this from incompatible context in /usr/share/pear/Net/SMTP.php on line 1136
[19-Jun-2017 15:15:44] PHP Strict Standards:  Non-static method PEAR::isError() should not be called statically, assuming $this from incompatible context in /usr/share/pear/Net/SMTP.php on line 265
[19-Jun-2017 15:15:44] PHP Strict Standards:  Non-static method PEAR::isError() should not be called statically, assuming $this from incompatible context in /usr/share/pear/Net/SMTP.php on line 1141
[19-Jun-2017 15:15:44] PHP Strict Standards:  Non-static method PEAR::isError() should not be called statically, assuming $this from incompatible context in /usr/share/pear/Net/SMTP.php on line 491
[19-Jun-2017 15:15:44] PHP Strict Standards:  Non-static method PEAR::isError() should not be called statically, assuming $this from incompatible context in /usr/share/pear/Net/SMTP.php on line 265
[19-Jun-2017 15:15:44] PHP Strict Standards:  Non-static method PEAR::isError() should not be called statically, assuming $this from incompatible context in /usr/share/pear/Net/SMTP.php on line 494
[19-Jun-2017 15:15:44] PHP Strict Standards:  Non-static method PEAR::isError() should not be called statically, assuming $this from incompatible context in /usr/share/pear/Net/SMTP.php on line 497
[19-Jun-2017 15:15:44] PHP Strict Standards:  Non-static method PEAR::isError() should not be called statically, assuming $this from incompatible context in /home/insigniamobile/public_html/Envio de correos desde el FE/sendmail.php on line 48
[19-Jun-2017 15:20:03] PHP Strict Standards:  Non-static method PEAR::isError() should not be called statically, assuming $this from incompatible context in /usr/share/pear/Mail/smtp.php on line 365
[19-Jun-2017 15:20:03] PHP Strict Standards:  Non-static method PEAR::isError() should not be called statically, assuming $this from incompatible context in /usr/share/pear/Net/SMTP.php on line 450
[19-Jun-2017 15:20:03] PHP Strict Standards:  Non-static method PEAR::isError() should not be called statically, assuming $this from incompatible context in /usr/share/pear/Net/SMTP.php on line 467
[19-Jun-2017 15:20:09] PHP Strict Standards:  Non-static method PEAR::isError() should not be called statically, assuming $this from incompatible context in /usr/share/pear/Net/SMTP.php on line 474
[19-Jun-2017 15:20:09] PHP Strict Standards:  Non-static method PEAR::isError() should not be called statically, assuming $this from incompatible context in /usr/share/pear/Net/SMTP.php on line 517
[19-Jun-2017 15:20:09] PHP Strict Standards:  Non-static method PEAR::isError() should not be called statically, assuming $this from incompatible context in /usr/share/pear/Net/SMTP.php on line 265
[19-Jun-2017 15:20:09] PHP Strict Standards:  Non-static method PEAR::isError() should not be called statically, assuming $this from incompatible context in /usr/share/pear/Net/SMTP.php on line 521
[19-Jun-2017 15:20:09] PHP Strict Standards:  Non-static method PEAR::isError() should not be called statically, assuming $this from incompatible context in /usr/share/pear/Mail/smtp.php on line 376
[19-Jun-2017 15:20:09] PHP Strict Standards:  Non-static method PEAR::isError() should not be called statically, assuming $this from incompatible context in /usr/share/pear/Net/SMTP.php on line 604
[19-Jun-2017 15:20:09] PHP Strict Standards:  Non-static method PEAR::isError() should not be called statically, assuming $this from incompatible context in /usr/share/pear/Net/SMTP.php on line 265
[19-Jun-2017 15:20:09] PHP Strict Standards:  Non-static method PEAR::isError() should not be called statically, assuming $this from incompatible context in /usr/share/pear/Net/SMTP.php on line 607
[19-Jun-2017 15:20:09] PHP Strict Standards:  Non-static method PEAR::isError() should not be called statically, assuming $this from incompatible context in /usr/share/pear/Net/SMTP.php on line 610
[19-Jun-2017 15:20:09] PHP Strict Standards:  Non-static method PEAR::isError() should not be called statically, assuming $this from incompatible context in /usr/share/pear/Net/SMTP.php on line 517
[19-Jun-2017 15:20:09] PHP Strict Standards:  Non-static method PEAR::isError() should not be called statically, assuming $this from incompatible context in /usr/share/pear/Net/SMTP.php on line 265
[19-Jun-2017 15:20:09] PHP Strict Standards:  Non-static method PEAR::isError() should not be called statically, assuming $this from incompatible context in /usr/share/pear/Net/SMTP.php on line 521
[19-Jun-2017 15:20:09] PHP Strict Standards:  Non-static method PEAR::isError() should not be called statically, assuming $this from incompatible context in /usr/share/pear/Net/SMTP.php on line 628
[19-Jun-2017 15:20:09] PHP Strict Standards:  Non-static method PEAR::isError() should not be called statically, assuming $this from incompatible context in /usr/share/pear/Net/SMTP.php on line 809
[19-Jun-2017 15:20:09] PHP Strict Standards:  Non-static method PEAR::isError() should not be called statically, assuming $this from incompatible context in /usr/share/pear/Net/SMTP.php on line 265
[19-Jun-2017 15:20:09] PHP Strict Standards:  Non-static method PEAR::isError() should not be called statically, assuming $this from incompatible context in /usr/share/pear/Net/SMTP.php on line 813
[19-Jun-2017 15:20:09] PHP Strict Standards:  Non-static method PEAR::isError() should not be called statically, assuming $this from incompatible context in /usr/share/pear/Net/SMTP.php on line 821
[19-Jun-2017 15:20:09] PHP Strict Standards:  Non-static method PEAR::isError() should not be called statically, assuming $this from incompatible context in /usr/share/pear/Net/SMTP.php on line 265
[19-Jun-2017 15:20:09] PHP Strict Standards:  Non-static method PEAR::isError() should not be called statically, assuming $this from incompatible context in /usr/share/pear/Net/SMTP.php on line 825
[19-Jun-2017 15:20:09] PHP Strict Standards:  Non-static method PEAR::isError() should not be called statically, assuming $this from incompatible context in /usr/share/pear/Net/SMTP.php on line 829
[19-Jun-2017 15:20:09] PHP Strict Standards:  Non-static method PEAR::isError() should not be called statically, assuming $this from incompatible context in /usr/share/pear/Net/SMTP.php on line 265
[19-Jun-2017 15:20:09] PHP Strict Standards:  Non-static method PEAR::isError() should not be called statically, assuming $this from incompatible context in /usr/share/pear/Net/SMTP.php on line 834
[19-Jun-2017 15:20:09] PHP Strict Standards:  Non-static method PEAR::isError() should not be called statically, assuming $this from incompatible context in /usr/share/pear/Net/SMTP.php on line 656
[19-Jun-2017 15:20:09] PHP Strict Standards:  Non-static method PEAR::isError() should not be called statically, assuming $this from incompatible context in /usr/share/pear/Mail/smtp.php on line 249
[19-Jun-2017 15:20:09] PHP Strict Standards:  Non-static method PEAR::isError() should not be called statically, assuming $this from incompatible context in /usr/share/pear/Mail/smtp.php on line 285
[19-Jun-2017 15:20:09] PHP Strict Standards:  Non-static method PEAR::isError() should not be called statically, assuming $this from incompatible context in /usr/share/pear/Net/SMTP.php on line 952
[19-Jun-2017 15:20:09] PHP Strict Standards:  Non-static method PEAR::isError() should not be called statically, assuming $this from incompatible context in /usr/share/pear/Net/SMTP.php on line 265
[19-Jun-2017 15:20:09] PHP Strict Standards:  Non-static method PEAR::isError() should not be called statically, assuming $this from incompatible context in /usr/share/pear/Net/SMTP.php on line 955
[19-Jun-2017 15:20:09] PHP Strict Standards:  Non-static method Mail_RFC822::parseAddressList() should not be called statically, assuming $this from incompatible context in /home/insigniamobile/public_html/Envio de correos desde el FE/Mail.php on line 253
[19-Jun-2017 15:20:09] PHP Strict Standards:  Non-static method PEAR::isError() should not be called statically, assuming $this from incompatible context in /usr/share/pear/Net/SMTP.php on line 982
[19-Jun-2017 15:20:09] PHP Strict Standards:  Non-static method PEAR::isError() should not be called statically, assuming $this from incompatible context in /usr/share/pear/Net/SMTP.php on line 265
[19-Jun-2017 15:20:09] PHP Strict Standards:  Non-static method PEAR::isError() should not be called statically, assuming $this from incompatible context in /usr/share/pear/Net/SMTP.php on line 985
[19-Jun-2017 15:20:09] PHP Strict Standards:  Non-static method PEAR::isError() should not be called statically, assuming $this from incompatible context in /usr/share/pear/Net/SMTP.php on line 1063
[19-Jun-2017 15:20:09] PHP Strict Standards:  Non-static method PEAR::isError() should not be called statically, assuming $this from incompatible context in /usr/share/pear/Net/SMTP.php on line 265
[19-Jun-2017 15:20:09] PHP Strict Standards:  Non-static method PEAR::isError() should not be called statically, assuming $this from incompatible context in /usr/share/pear/Net/SMTP.php on line 1066
[19-Jun-2017 15:20:09] PHP Strict Standards:  Non-static method PEAR::isError() should not be called statically, assuming $this from incompatible context in /usr/share/pear/Net/SMTP.php on line 1126
[19-Jun-2017 15:20:09] PHP Strict Standards:  Non-static method PEAR::isError() should not be called statically, assuming $this from incompatible context in /usr/share/pear/Net/SMTP.php on line 265
[19-Jun-2017 15:20:09] PHP Strict Standards:  Non-static method PEAR::isError() should not be called statically, assuming $this from incompatible context in /usr/share/pear/Net/SMTP.php on line 1136
[19-Jun-2017 15:20:09] PHP Strict Standards:  Non-static method PEAR::isError() should not be called statically, assuming $this from incompatible context in /usr/share/pear/Net/SMTP.php on line 265
[19-Jun-2017 15:20:09] PHP Strict Standards:  Non-static method PEAR::isError() should not be called statically, assuming $this from incompatible context in /usr/share/pear/Net/SMTP.php on line 1141
[19-Jun-2017 15:20:10] PHP Strict Standards:  Non-static method PEAR::isError() should not be called statically, assuming $this from incompatible context in /usr/share/pear/Net/SMTP.php on line 491
[19-Jun-2017 15:20:10] PHP Strict Standards:  Non-static method PEAR::isError() should not be called statically, assuming $this from incompatible context in /usr/share/pear/Net/SMTP.php on line 265
[19-Jun-2017 15:20:10] PHP Strict Standards:  Non-static method PEAR::isError() should not be called statically, assuming $this from incompatible context in /usr/share/pear/Net/SMTP.php on line 494
[19-Jun-2017 15:20:10] PHP Strict Standards:  Non-static method PEAR::isError() should not be called statically, assuming $this from incompatible context in /usr/share/pear/Net/SMTP.php on line 497
[19-Jun-2017 15:20:10] PHP Strict Standards:  Non-static method PEAR::isError() should not be called statically, assuming $this from incompatible context in /home/insigniamobile/public_html/Envio de correos desde el FE/sendmail.php on line 48
[19-Jun-2017 15:22:12] PHP Strict Standards:  Non-static method PEAR::isError() should not be called statically, assuming $this from incompatible context in /usr/share/pear/Mail/smtp.php on line 365
[19-Jun-2017 15:22:12] PHP Strict Standards:  Non-static method PEAR::isError() should not be called statically, assuming $this from incompatible context in /usr/share/pear/Net/SMTP.php on line 450
[19-Jun-2017 15:22:12] PHP Strict Standards:  Non-static method PEAR::isError() should not be called statically, assuming $this from incompatible context in /usr/share/pear/Net/SMTP.php on line 467
[19-Jun-2017 15:22:17] PHP Strict Standards:  Non-static method PEAR::isError() should not be called statically, assuming $this from incompatible context in /usr/share/pear/Net/SMTP.php on line 474
[19-Jun-2017 15:22:17] PHP Strict Standards:  Non-static method PEAR::isError() should not be called statically, assuming $this from incompatible context in /usr/share/pear/Net/SMTP.php on line 517
[19-Jun-2017 15:22:17] PHP Strict Standards:  Non-static method PEAR::isError() should not be called statically, assuming $this from incompatible context in /usr/share/pear/Net/SMTP.php on line 265
[19-Jun-2017 15:22:17] PHP Strict Standards:  Non-static method PEAR::isError() should not be called statically, assuming $this from incompatible context in /usr/share/pear/Net/SMTP.php on line 521
[19-Jun-2017 15:22:17] PHP Strict Standards:  Non-static method PEAR::isError() should not be called statically, assuming $this from incompatible context in /usr/share/pear/Mail/smtp.php on line 376
[19-Jun-2017 15:22:17] PHP Strict Standards:  Non-static method PEAR::isError() should not be called statically, assuming $this from incompatible context in /usr/share/pear/Net/SMTP.php on line 604
[19-Jun-2017 15:22:17] PHP Strict Standards:  Non-static method PEAR::isError() should not be called statically, assuming $this from incompatible context in /usr/share/pear/Net/SMTP.php on line 265
[19-Jun-2017 15:22:17] PHP Strict Standards:  Non-static method PEAR::isError() should not be called statically, assuming $this from incompatible context in /usr/share/pear/Net/SMTP.php on line 607
[19-Jun-2017 15:22:18] PHP Strict Standards:  Non-static method PEAR::isError() should not be called statically, assuming $this from incompatible context in /usr/share/pear/Net/SMTP.php on line 610
[19-Jun-2017 15:22:18] PHP Strict Standards:  Non-static method PEAR::isError() should not be called statically, assuming $this from incompatible context in /usr/share/pear/Net/SMTP.php on line 517
[19-Jun-2017 15:22:18] PHP Strict Standards:  Non-static method PEAR::isError() should not be called statically, assuming $this from incompatible context in /usr/share/pear/Net/SMTP.php on line 265
[19-Jun-2017 15:22:18] PHP Strict Standards:  Non-static method PEAR::isError() should not be called statically, assuming $this from incompatible context in /usr/share/pear/Net/SMTP.php on line 521
[19-Jun-2017 15:22:18] PHP Strict Standards:  Non-static method PEAR::isError() should not be called statically, assuming $this from incompatible context in /usr/share/pear/Net/SMTP.php on line 628
[19-Jun-2017 15:22:18] PHP Strict Standards:  Non-static method PEAR::isError() should not be called statically, assuming $this from incompatible context in /usr/share/pear/Net/SMTP.php on line 809
[19-Jun-2017 15:22:18] PHP Strict Standards:  Non-static method PEAR::isError() should not be called statically, assuming $this from incompatible context in /usr/share/pear/Net/SMTP.php on line 265
[19-Jun-2017 15:22:18] PHP Strict Standards:  Non-static method PEAR::isError() should not be called statically, assuming $this from incompatible context in /usr/share/pear/Net/SMTP.php on line 813
[19-Jun-2017 15:22:18] PHP Strict Standards:  Non-static method PEAR::isError() should not be called statically, assuming $this from incompatible context in /usr/share/pear/Net/SMTP.php on line 821
[19-Jun-2017 15:22:18] PHP Strict Standards:  Non-static method PEAR::isError() should not be called statically, assuming $this from incompatible context in /usr/share/pear/Net/SMTP.php on line 265
[19-Jun-2017 15:22:18] PHP Strict Standards:  Non-static method PEAR::isError() should not be called statically, assuming $this from incompatible context in /usr/share/pear/Net/SMTP.php on line 825
[19-Jun-2017 15:22:18] PHP Strict Standards:  Non-static method PEAR::isError() should not be called statically, assuming $this from incompatible context in /usr/share/pear/Net/SMTP.php on line 829
[19-Jun-2017 15:22:18] PHP Strict Standards:  Non-static method PEAR::isError() should not be called statically, assuming $this from incompatible context in /usr/share/pear/Net/SMTP.php on line 265
[19-Jun-2017 15:22:18] PHP Strict Standards:  Non-static method PEAR::isError() should not be called statically, assuming $this from incompatible context in /usr/share/pear/Net/SMTP.php on line 834
[19-Jun-2017 15:22:18] PHP Strict Standards:  Non-static method PEAR::isError() should not be called statically, assuming $this from incompatible context in /usr/share/pear/Net/SMTP.php on line 656
[19-Jun-2017 15:22:18] PHP Strict Standards:  Non-static method PEAR::isError() should not be called statically, assuming $this from incompatible context in /usr/share/pear/Mail/smtp.php on line 249
[19-Jun-2017 15:22:18] PHP Strict Standards:  Non-static method PEAR::isError() should not be called statically, assuming $this from incompatible context in /usr/share/pear/Mail/smtp.php on line 285
[19-Jun-2017 15:22:18] PHP Strict Standards:  Non-static method PEAR::isError() should not be called statically, assuming $this from incompatible context in /usr/share/pear/Net/SMTP.php on line 952
[19-Jun-2017 15:22:18] PHP Strict Standards:  Non-static method PEAR::isError() should not be called statically, assuming $this from incompatible context in /usr/share/pear/Net/SMTP.php on line 265
[19-Jun-2017 15:22:18] PHP Strict Standards:  Non-static method PEAR::isError() should not be called statically, assuming $this from incompatible context in /usr/share/pear/Net/SMTP.php on line 955
[19-Jun-2017 15:22:18] PHP Strict Standards:  Non-static method Mail_RFC822::parseAddressList() should not be called statically, assuming $this from incompatible context in /home/insigniamobile/public_html/Envio de correos desde el FE/Mail.php on line 253
[19-Jun-2017 15:22:18] PHP Strict Standards:  Non-static method PEAR::isError() should not be called statically, assuming $this from incompatible context in /usr/share/pear/Net/SMTP.php on line 982
[19-Jun-2017 15:22:18] PHP Strict Standards:  Non-static method PEAR::isError() should not be called statically, assuming $this from incompatible context in /usr/share/pear/Net/SMTP.php on line 265
[19-Jun-2017 15:22:18] PHP Strict Standards:  Non-static method PEAR::isError() should not be called statically, assuming $this from incompatible context in /usr/share/pear/Net/SMTP.php on line 985
[19-Jun-2017 15:22:18] PHP Strict Standards:  Non-static method PEAR::isError() should not be called statically, assuming $this from incompatible context in /usr/share/pear/Net/SMTP.php on line 1063
[19-Jun-2017 15:22:18] PHP Strict Standards:  Non-static method PEAR::isError() should not be called statically, assuming $this from incompatible context in /usr/share/pear/Net/SMTP.php on line 265
[19-Jun-2017 15:22:18] PHP Strict Standards:  Non-static method PEAR::isError() should not be called statically, assuming $this from incompatible context in /usr/share/pear/Net/SMTP.php on line 1066
[19-Jun-2017 15:22:18] PHP Strict Standards:  Non-static method PEAR::isError() should not be called statically, assuming $this from incompatible context in /usr/share/pear/Net/SMTP.php on line 1126
[19-Jun-2017 15:22:18] PHP Strict Standards:  Non-static method PEAR::isError() should not be called statically, assuming $this from incompatible context in /usr/share/pear/Net/SMTP.php on line 265
[19-Jun-2017 15:22:18] PHP Strict Standards:  Non-static method PEAR::isError() should not be called statically, assuming $this from incompatible context in /usr/share/pear/Net/SMTP.php on line 1136
[19-Jun-2017 15:22:18] PHP Strict Standards:  Non-static method PEAR::isError() should not be called statically, assuming $this from incompatible context in /usr/share/pear/Net/SMTP.php on line 265
[19-Jun-2017 15:22:18] PHP Strict Standards:  Non-static method PEAR::isError() should not be called statically, assuming $this from incompatible context in /usr/share/pear/Net/SMTP.php on line 1141
[19-Jun-2017 15:22:18] PHP Strict Standards:  Non-static method PEAR::isError() should not be called statically, assuming $this from incompatible context in /usr/share/pear/Net/SMTP.php on line 491
[19-Jun-2017 15:22:18] PHP Strict Standards:  Non-static method PEAR::isError() should not be called statically, assuming $this from incompatible context in /usr/share/pear/Net/SMTP.php on line 265
[19-Jun-2017 15:22:18] PHP Strict Standards:  Non-static method PEAR::isError() should not be called statically, assuming $this from incompatible context in /usr/share/pear/Net/SMTP.php on line 494
[19-Jun-2017 15:22:18] PHP Strict Standards:  Non-static method PEAR::isError() should not be called statically, assuming $this from incompatible context in /usr/share/pear/Net/SMTP.php on line 497
[19-Jun-2017 15:22:18] PHP Strict Standards:  Non-static method PEAR::isError() should not be called statically, assuming $this from incompatible context in /home/insigniamobile/public_html/Envio de correos desde el FE/sendmail.php on line 48
[19-Jun-2017 15:24:00] PHP Strict Standards:  Non-static method PEAR::isError() should not be called statically, assuming $this from incompatible context in /usr/share/pear/Mail/smtp.php on line 365
[19-Jun-2017 15:24:00] PHP Strict Standards:  Non-static method PEAR::isError() should not be called statically, assuming $this from incompatible context in /usr/share/pear/Net/SMTP.php on line 450
[19-Jun-2017 15:24:00] PHP Strict Standards:  Non-static method PEAR::isError() should not be called statically, assuming $this from incompatible context in /usr/share/pear/Net/SMTP.php on line 467
[19-Jun-2017 15:24:05] PHP Strict Standards:  Non-static method PEAR::isError() should not be called statically, assuming $this from incompatible context in /usr/share/pear/Net/SMTP.php on line 474
[19-Jun-2017 15:24:05] PHP Strict Standards:  Non-static method PEAR::isError() should not be called statically, assuming $this from incompatible context in /usr/share/pear/Net/SMTP.php on line 517
[19-Jun-2017 15:24:05] PHP Strict Standards:  Non-static method PEAR::isError() should not be called statically, assuming $this from incompatible context in /usr/share/pear/Net/SMTP.php on line 265
[19-Jun-2017 15:24:05] PHP Strict Standards:  Non-static method PEAR::isError() should not be called statically, assuming $this from incompatible context in /usr/share/pear/Net/SMTP.php on line 521
[19-Jun-2017 15:24:05] PHP Strict Standards:  Non-static method PEAR::isError() should not be called statically, assuming $this from incompatible context in /usr/share/pear/Mail/smtp.php on line 376
[19-Jun-2017 15:24:05] PHP Strict Standards:  Non-static method PEAR::isError() should not be called statically, assuming $this from incompatible context in /usr/share/pear/Net/SMTP.php on line 604
[19-Jun-2017 15:24:05] PHP Strict Standards:  Non-static method PEAR::isError() should not be called statically, assuming $this from incompatible context in /usr/share/pear/Net/SMTP.php on line 265
[19-Jun-2017 15:24:05] PHP Strict Standards:  Non-static method PEAR::isError() should not be called statically, assuming $this from incompatible context in /usr/share/pear/Net/SMTP.php on line 607
[19-Jun-2017 15:24:05] PHP Strict Standards:  Non-static method PEAR::isError() should not be called statically, assuming $this from incompatible context in /usr/share/pear/Net/SMTP.php on line 610
[19-Jun-2017 15:24:05] PHP Strict Standards:  Non-static method PEAR::isError() should not be called statically, assuming $this from incompatible context in /usr/share/pear/Net/SMTP.php on line 517
[19-Jun-2017 15:24:05] PHP Strict Standards:  Non-static method PEAR::isError() should not be called statically, assuming $this from incompatible context in /usr/share/pear/Net/SMTP.php on line 265
[19-Jun-2017 15:24:05] PHP Strict Standards:  Non-static method PEAR::isError() should not be called statically, assuming $this from incompatible context in /usr/share/pear/Net/SMTP.php on line 521
[19-Jun-2017 15:24:06] PHP Strict Standards:  Non-static method PEAR::isError() should not be called statically, assuming $this from incompatible context in /usr/share/pear/Net/SMTP.php on line 628
[19-Jun-2017 15:24:06] PHP Strict Standards:  Non-static method PEAR::isError() should not be called statically, assuming $this from incompatible context in /usr/share/pear/Net/SMTP.php on line 809
[19-Jun-2017 15:24:06] PHP Strict Standards:  Non-static method PEAR::isError() should not be called statically, assuming $this from incompatible context in /usr/share/pear/Net/SMTP.php on line 265
[19-Jun-2017 15:24:06] PHP Strict Standards:  Non-static method PEAR::isError() should not be called statically, assuming $this from incompatible context in /usr/share/pear/Net/SMTP.php on line 813
[19-Jun-2017 15:24:06] PHP Strict Standards:  Non-static method PEAR::isError() should not be called statically, assuming $this from incompatible context in /usr/share/pear/Net/SMTP.php on line 821
[19-Jun-2017 15:24:06] PHP Strict Standards:  Non-static method PEAR::isError() should not be called statically, assuming $this from incompatible context in /usr/share/pear/Net/SMTP.php on line 265
[19-Jun-2017 15:24:06] PHP Strict Standards:  Non-static method PEAR::isError() should not be called statically, assuming $this from incompatible context in /usr/share/pear/Net/SMTP.php on line 825
[19-Jun-2017 15:24:06] PHP Strict Standards:  Non-static method PEAR::isError() should not be called statically, assuming $this from incompatible context in /usr/share/pear/Net/SMTP.php on line 829
[19-Jun-2017 15:24:06] PHP Strict Standards:  Non-static method PEAR::isError() should not be called statically, assuming $this from incompatible context in /usr/share/pear/Net/SMTP.php on line 265
[19-Jun-2017 15:24:06] PHP Strict Standards:  Non-static method PEAR::isError() should not be called statically, assuming $this from incompatible context in /usr/share/pear/Net/SMTP.php on line 834
[19-Jun-2017 15:24:06] PHP Strict Standards:  Non-static method PEAR::isError() should not be called statically, assuming $this from incompatible context in /usr/share/pear/Net/SMTP.php on line 656
[19-Jun-2017 15:24:06] PHP Strict Standards:  Non-static method PEAR::isError() should not be called statically, assuming $this from incompatible context in /usr/share/pear/Mail/smtp.php on line 249
[19-Jun-2017 15:24:06] PHP Strict Standards:  Non-static method PEAR::isError() should not be called statically, assuming $this from incompatible context in /usr/share/pear/Mail/smtp.php on line 285
[19-Jun-2017 15:24:06] PHP Strict Standards:  Non-static method PEAR::isError() should not be called statically, assuming $this from incompatible context in /usr/share/pear/Net/SMTP.php on line 952
[19-Jun-2017 15:24:06] PHP Strict Standards:  Non-static method PEAR::isError() should not be called statically, assuming $this from incompatible context in /usr/share/pear/Net/SMTP.php on line 265
[19-Jun-2017 15:24:06] PHP Strict Standards:  Non-static method PEAR::isError() should not be called statically, assuming $this from incompatible context in /usr/share/pear/Net/SMTP.php on line 955
[19-Jun-2017 15:24:06] PHP Strict Standards:  Non-static method Mail_RFC822::parseAddressList() should not be called statically, assuming $this from incompatible context in /home/insigniamobile/public_html/Envio de correos desde el FE/Mail.php on line 253
[19-Jun-2017 15:24:06] PHP Strict Standards:  Non-static method PEAR::isError() should not be called statically, assuming $this from incompatible context in /usr/share/pear/Net/SMTP.php on line 982
[19-Jun-2017 15:24:06] PHP Strict Standards:  Non-static method PEAR::isError() should not be called statically, assuming $this from incompatible context in /usr/share/pear/Net/SMTP.php on line 265
[19-Jun-2017 15:24:06] PHP Strict Standards:  Non-static method PEAR::isError() should not be called statically, assuming $this from incompatible context in /usr/share/pear/Net/SMTP.php on line 985
[19-Jun-2017 15:24:06] PHP Strict Standards:  Non-static method PEAR::isError() should not be called statically, assuming $this from incompatible context in /usr/share/pear/Net/SMTP.php on line 1063
[19-Jun-2017 15:24:06] PHP Strict Standards:  Non-static method PEAR::isError() should not be called statically, assuming $this from incompatible context in /usr/share/pear/Net/SMTP.php on line 265
[19-Jun-2017 15:24:06] PHP Strict Standards:  Non-static method PEAR::isError() should not be called statically, assuming $this from incompatible context in /usr/share/pear/Net/SMTP.php on line 1066
[19-Jun-2017 15:24:06] PHP Strict Standards:  Non-static method PEAR::isError() should not be called statically, assuming $this from incompatible context in /usr/share/pear/Net/SMTP.php on line 1126
[19-Jun-2017 15:24:06] PHP Strict Standards:  Non-static method PEAR::isError() should not be called statically, assuming $this from incompatible context in /usr/share/pear/Net/SMTP.php on line 265
[19-Jun-2017 15:24:06] PHP Strict Standards:  Non-static method PEAR::isError() should not be called statically, assuming $this from incompatible context in /usr/share/pear/Net/SMTP.php on line 1136
[19-Jun-2017 15:24:06] PHP Strict Standards:  Non-static method PEAR::isError() should not be called statically, assuming $this from incompatible context in /usr/share/pear/Net/SMTP.php on line 265
[19-Jun-2017 15:24:06] PHP Strict Standards:  Non-static method PEAR::isError() should not be called statically, assuming $this from incompatible context in /usr/share/pear/Net/SMTP.php on line 1141
[19-Jun-2017 15:24:06] PHP Strict Standards:  Non-static method PEAR::isError() should not be called statically, assuming $this from incompatible context in /usr/share/pear/Net/SMTP.php on line 491
[19-Jun-2017 15:24:06] PHP Strict Standards:  Non-static method PEAR::isError() should not be called statically, assuming $this from incompatible context in /usr/share/pear/Net/SMTP.php on line 265
[19-Jun-2017 15:24:06] PHP Strict Standards:  Non-static method PEAR::isError() should not be called statically, assuming $this from incompatible context in /usr/share/pear/Net/SMTP.php on line 494
[19-Jun-2017 15:24:06] PHP Strict Standards:  Non-static method PEAR::isError() should not be called statically, assuming $this from incompatible context in /usr/share/pear/Net/SMTP.php on line 497
[19-Jun-2017 15:24:06] PHP Strict Standards:  Non-static method PEAR::isError() should not be called statically, assuming $this from incompatible context in /home/insigniamobile/public_html/Envio de correos desde el FE/sendmail.php on line 48
[19-Jun-2017 15:24:11] PHP Strict Standards:  Non-static method PEAR::isError() should not be called statically, assuming $this from incompatible context in /usr/share/pear/Mail/smtp.php on line 365
[19-Jun-2017 15:24:12] PHP Strict Standards:  Non-static method PEAR::isError() should not be called statically, assuming $this from incompatible context in /usr/share/pear/Net/SMTP.php on line 450
[19-Jun-2017 15:24:12] PHP Strict Standards:  Non-static method PEAR::isError() should not be called statically, assuming $this from incompatible context in /usr/share/pear/Net/SMTP.php on line 467
[19-Jun-2017 15:24:18] PHP Strict Standards:  Non-static method PEAR::isError() should not be called statically, assuming $this from incompatible context in /usr/share/pear/Net/SMTP.php on line 474
[19-Jun-2017 15:24:18] PHP Strict Standards:  Non-static method PEAR::isError() should not be called statically, assuming $this from incompatible context in /usr/share/pear/Net/SMTP.php on line 517
[19-Jun-2017 15:24:18] PHP Strict Standards:  Non-static method PEAR::isError() should not be called statically, assuming $this from incompatible context in /usr/share/pear/Net/SMTP.php on line 265
[19-Jun-2017 15:24:18] PHP Strict Standards:  Non-static method PEAR::isError() should not be called statically, assuming $this from incompatible context in /usr/share/pear/Net/SMTP.php on line 521
[19-Jun-2017 15:24:18] PHP Strict Standards:  Non-static method PEAR::isError() should not be called statically, assuming $this from incompatible context in /usr/share/pear/Mail/smtp.php on line 376
[19-Jun-2017 15:24:18] PHP Strict Standards:  Non-static method PEAR::isError() should not be called statically, assuming $this from incompatible context in /usr/share/pear/Net/SMTP.php on line 604
[19-Jun-2017 15:24:18] PHP Strict Standards:  Non-static method PEAR::isError() should not be called statically, assuming $this from incompatible context in /usr/share/pear/Net/SMTP.php on line 265
[19-Jun-2017 15:24:18] PHP Strict Standards:  Non-static method PEAR::isError() should not be called statically, assuming $this from incompatible context in /usr/share/pear/Net/SMTP.php on line 607
[19-Jun-2017 15:24:18] PHP Strict Standards:  Non-static method PEAR::isError() should not be called statically, assuming $this from incompatible context in /usr/share/pear/Net/SMTP.php on line 610
[19-Jun-2017 15:24:18] PHP Strict Standards:  Non-static method PEAR::isError() should not be called statically, assuming $this from incompatible context in /usr/share/pear/Net/SMTP.php on line 517
[19-Jun-2017 15:24:18] PHP Strict Standards:  Non-static method PEAR::isError() should not be called statically, assuming $this from incompatible context in /usr/share/pear/Net/SMTP.php on line 265
[19-Jun-2017 15:24:18] PHP Strict Standards:  Non-static method PEAR::isError() should not be called statically, assuming $this from incompatible context in /usr/share/pear/Net/SMTP.php on line 521
[19-Jun-2017 15:24:18] PHP Strict Standards:  Non-static method PEAR::isError() should not be called statically, assuming $this from incompatible context in /usr/share/pear/Net/SMTP.php on line 628
[19-Jun-2017 15:24:18] PHP Strict Standards:  Non-static method PEAR::isError() should not be called statically, assuming $this from incompatible context in /usr/share/pear/Net/SMTP.php on line 809
[19-Jun-2017 15:24:18] PHP Strict Standards:  Non-static method PEAR::isError() should not be called statically, assuming $this from incompatible context in /usr/share/pear/Net/SMTP.php on line 265
[19-Jun-2017 15:24:18] PHP Strict Standards:  Non-static method PEAR::isError() should not be called statically, assuming $this from incompatible context in /usr/share/pear/Net/SMTP.php on line 813
[19-Jun-2017 15:24:18] PHP Strict Standards:  Non-static method PEAR::isError() should not be called statically, assuming $this from incompatible context in /usr/share/pear/Net/SMTP.php on line 821
[19-Jun-2017 15:24:18] PHP Strict Standards:  Non-static method PEAR::isError() should not be called statically, assuming $this from incompatible context in /usr/share/pear/Net/SMTP.php on line 265
[19-Jun-2017 15:24:18] PHP Strict Standards:  Non-static method PEAR::isError() should not be called statically, assuming $this from incompatible context in /usr/share/pear/Net/SMTP.php on line 825
[19-Jun-2017 15:24:18] PHP Strict Standards:  Non-static method PEAR::isError() should not be called statically, assuming $this from incompatible context in /usr/share/pear/Net/SMTP.php on line 829
[19-Jun-2017 15:24:18] PHP Strict Standards:  Non-static method PEAR::isError() should not be called statically, assuming $this from incompatible context in /usr/share/pear/Net/SMTP.php on line 265
[19-Jun-2017 15:24:18] PHP Strict Standards:  Non-static method PEAR::isError() should not be called statically, assuming $this from incompatible context in /usr/share/pear/Net/SMTP.php on line 834
[19-Jun-2017 15:24:18] PHP Strict Standards:  Non-static method PEAR::isError() should not be called statically, assuming $this from incompatible context in /usr/share/pear/Net/SMTP.php on line 656
[19-Jun-2017 15:24:18] PHP Strict Standards:  Non-static method PEAR::isError() should not be called statically, assuming $this from incompatible context in /usr/share/pear/Mail/smtp.php on line 249
[19-Jun-2017 15:24:18] PHP Strict Standards:  Non-static method PEAR::isError() should not be called statically, assuming $this from incompatible context in /usr/share/pear/Mail/smtp.php on line 285
[19-Jun-2017 15:24:18] PHP Strict Standards:  Non-static method PEAR::isError() should not be called statically, assuming $this from incompatible context in /usr/share/pear/Net/SMTP.php on line 952
[19-Jun-2017 15:24:18] PHP Strict Standards:  Non-static method PEAR::isError() should not be called statically, assuming $this from incompatible context in /usr/share/pear/Net/SMTP.php on line 265
[19-Jun-2017 15:24:18] PHP Strict Standards:  Non-static method PEAR::isError() should not be called statically, assuming $this from incompatible context in /usr/share/pear/Net/SMTP.php on line 955
[19-Jun-2017 15:24:18] PHP Strict Standards:  Non-static method Mail_RFC822::parseAddressList() should not be called statically, assuming $this from incompatible context in /home/insigniamobile/public_html/Envio de correos desde el FE/Mail.php on line 253
[19-Jun-2017 15:24:18] PHP Strict Standards:  Non-static method PEAR::isError() should not be called statically, assuming $this from incompatible context in /usr/share/pear/Net/SMTP.php on line 982
[19-Jun-2017 15:24:18] PHP Strict Standards:  Non-static method PEAR::isError() should not be called statically, assuming $this from incompatible context in /usr/share/pear/Net/SMTP.php on line 265
[19-Jun-2017 15:24:18] PHP Strict Standards:  Non-static method PEAR::isError() should not be called statically, assuming $this from incompatible context in /usr/share/pear/Net/SMTP.php on line 985
[19-Jun-2017 15:24:18] PHP Strict Standards:  Non-static method PEAR::isError() should not be called statically, assuming $this from incompatible context in /usr/share/pear/Net/SMTP.php on line 1063
[19-Jun-2017 15:24:18] PHP Strict Standards:  Non-static method PEAR::isError() should not be called statically, assuming $this from incompatible context in /usr/share/pear/Net/SMTP.php on line 265
[19-Jun-2017 15:24:18] PHP Strict Standards:  Non-static method PEAR::isError() should not be called statically, assuming $this from incompatible context in /usr/share/pear/Net/SMTP.php on line 1066
[19-Jun-2017 15:24:18] PHP Strict Standards:  Non-static method PEAR::isError() should not be called statically, assuming $this from incompatible context in /usr/share/pear/Net/SMTP.php on line 1126
[19-Jun-2017 15:24:18] PHP Strict Standards:  Non-static method PEAR::isError() should not be called statically, assuming $this from incompatible context in /usr/share/pear/Net/SMTP.php on line 265
[19-Jun-2017 15:24:18] PHP Strict Standards:  Non-static method PEAR::isError() should not be called statically, assuming $this from incompatible context in /usr/share/pear/Net/SMTP.php on line 1136
[19-Jun-2017 15:24:18] PHP Strict Standards:  Non-static method PEAR::isError() should not be called statically, assuming $this from incompatible context in /usr/share/pear/Net/SMTP.php on line 265
[19-Jun-2017 15:24:18] PHP Strict Standards:  Non-static method PEAR::isError() should not be called statically, assuming $this from incompatible context in /usr/share/pear/Net/SMTP.php on line 1141
[19-Jun-2017 15:24:19] PHP Strict Standards:  Non-static method PEAR::isError() should not be called statically, assuming $this from incompatible context in /usr/share/pear/Net/SMTP.php on line 491
[19-Jun-2017 15:24:19] PHP Strict Standards:  Non-static method PEAR::isError() should not be called statically, assuming $this from incompatible context in /usr/share/pear/Net/SMTP.php on line 265
[19-Jun-2017 15:24:19] PHP Strict Standards:  Non-static method PEAR::isError() should not be called statically, assuming $this from incompatible context in /usr/share/pear/Net/SMTP.php on line 494
[19-Jun-2017 15:24:19] PHP Strict Standards:  Non-static method PEAR::isError() should not be called statically, assuming $this from incompatible context in /usr/share/pear/Net/SMTP.php on line 497
[19-Jun-2017 15:24:19] PHP Strict Standards:  Non-static method PEAR::isError() should not be called statically, assuming $this from incompatible context in /home/insigniamobile/public_html/Envio de correos desde el FE/sendmail.php on line 48
[01-Aug-2017 09:55:42] PHP Strict Standards:  Non-static method PEAR::isError() should not be called statically, assuming $this from incompatible context in /usr/share/pear/Mail/smtp.php on line 365
[01-Aug-2017 09:55:42] PHP Strict Standards:  Non-static method PEAR::isError() should not be called statically, assuming $this from incompatible context in /usr/share/pear/Net/SMTP.php on line 450
[01-Aug-2017 09:55:42] PHP Strict Standards:  Non-static method PEAR::isError() should not be called statically, assuming $this from incompatible context in /usr/share/pear/Net/SMTP.php on line 467
[01-Aug-2017 09:55:47] PHP Strict Standards:  Non-static method PEAR::isError() should not be called statically, assuming $this from incompatible context in /usr/share/pear/Net/SMTP.php on line 474
[01-Aug-2017 09:55:47] PHP Strict Standards:  Non-static method PEAR::isError() should not be called statically, assuming $this from incompatible context in /usr/share/pear/Net/SMTP.php on line 517
[01-Aug-2017 09:55:47] PHP Strict Standards:  Non-static method PEAR::isError() should not be called statically, assuming $this from incompatible context in /usr/share/pear/Net/SMTP.php on line 265
[01-Aug-2017 09:55:47] PHP Strict Standards:  Non-static method PEAR::isError() should not be called statically, assuming $this from incompatible context in /usr/share/pear/Net/SMTP.php on line 521
[01-Aug-2017 09:55:47] PHP Strict Standards:  Non-static method PEAR::isError() should not be called statically, assuming $this from incompatible context in /usr/share/pear/Mail/smtp.php on line 376
[01-Aug-2017 09:55:47] PHP Strict Standards:  Non-static method PEAR::isError() should not be called statically, assuming $this from incompatible context in /usr/share/pear/Net/SMTP.php on line 604
[01-Aug-2017 09:55:47] PHP Strict Standards:  Non-static method PEAR::isError() should not be called statically, assuming $this from incompatible context in /usr/share/pear/Net/SMTP.php on line 265
[01-Aug-2017 09:55:47] PHP Strict Standards:  Non-static method PEAR::isError() should not be called statically, assuming $this from incompatible context in /usr/share/pear/Net/SMTP.php on line 607
[01-Aug-2017 09:55:47] PHP Strict Standards:  Non-static method PEAR::isError() should not be called statically, assuming $this from incompatible context in /usr/share/pear/Net/SMTP.php on line 610
[01-Aug-2017 09:55:48] PHP Strict Standards:  Non-static method PEAR::isError() should not be called statically, assuming $this from incompatible context in /usr/share/pear/Net/SMTP.php on line 517
[01-Aug-2017 09:55:48] PHP Strict Standards:  Non-static method PEAR::isError() should not be called statically, assuming $this from incompatible context in /usr/share/pear/Net/SMTP.php on line 265
[01-Aug-2017 09:55:48] PHP Strict Standards:  Non-static method PEAR::isError() should not be called statically, assuming $this from incompatible context in /usr/share/pear/Net/SMTP.php on line 521
[01-Aug-2017 09:55:48] PHP Strict Standards:  Non-static method PEAR::isError() should not be called statically, assuming $this from incompatible context in /usr/share/pear/Net/SMTP.php on line 628
[01-Aug-2017 09:55:48] PHP Strict Standards:  Non-static method PEAR::isError() should not be called statically, assuming $this from incompatible context in /usr/share/pear/Net/SMTP.php on line 809
[01-Aug-2017 09:55:48] PHP Strict Standards:  Non-static method PEAR::isError() should not be called statically, assuming $this from incompatible context in /usr/share/pear/Net/SMTP.php on line 265
[01-Aug-2017 09:55:48] PHP Strict Standards:  Non-static method PEAR::isError() should not be called statically, assuming $this from incompatible context in /usr/share/pear/Net/SMTP.php on line 813
[01-Aug-2017 09:55:48] PHP Strict Standards:  Non-static method PEAR::isError() should not be called statically, assuming $this from incompatible context in /usr/share/pear/Net/SMTP.php on line 821
[01-Aug-2017 09:55:48] PHP Strict Standards:  Non-static method PEAR::isError() should not be called statically, assuming $this from incompatible context in /usr/share/pear/Net/SMTP.php on line 265
[01-Aug-2017 09:55:48] PHP Strict Standards:  Non-static method PEAR::isError() should not be called statically, assuming $this from incompatible context in /usr/share/pear/Net/SMTP.php on line 825
[01-Aug-2017 09:55:48] PHP Strict Standards:  Non-static method PEAR::isError() should not be called statically, assuming $this from incompatible context in /usr/share/pear/Net/SMTP.php on line 829
[01-Aug-2017 09:55:48] PHP Strict Standards:  Non-static method PEAR::isError() should not be called statically, assuming $this from incompatible context in /usr/share/pear/Net/SMTP.php on line 265
[01-Aug-2017 09:55:48] PHP Strict Standards:  Non-static method PEAR::isError() should not be called statically, assuming $this from incompatible context in /usr/share/pear/Net/SMTP.php on line 834
[01-Aug-2017 09:55:48] PHP Strict Standards:  Non-static method PEAR::isError() should not be called statically, assuming $this from incompatible context in /usr/share/pear/Net/SMTP.php on line 656
[01-Aug-2017 09:55:48] PHP Strict Standards:  Non-static method PEAR::isError() should not be called statically, assuming $this from incompatible context in /usr/share/pear/Mail/smtp.php on line 249
[01-Aug-2017 09:55:48] PHP Strict Standards:  Non-static method PEAR::isError() should not be called statically, assuming $this from incompatible context in /usr/share/pear/Mail/smtp.php on line 285
[01-Aug-2017 09:55:48] PHP Strict Standards:  Non-static method PEAR::isError() should not be called statically, assuming $this from incompatible context in /usr/share/pear/Net/SMTP.php on line 952
[01-Aug-2017 09:55:48] PHP Strict Standards:  Non-static method PEAR::isError() should not be called statically, assuming $this from incompatible context in /usr/share/pear/Net/SMTP.php on line 265
[01-Aug-2017 09:55:48] PHP Strict Standards:  Non-static method PEAR::isError() should not be called statically, assuming $this from incompatible context in /usr/share/pear/Net/SMTP.php on line 955
[01-Aug-2017 09:55:48] PHP Strict Standards:  Non-static method Mail_RFC822::parseAddressList() should not be called statically, assuming $this from incompatible context in /home/insigniamobile/public_html/Envio de correos desde el FE/Mail.php on line 253
[01-Aug-2017 09:55:48] PHP Strict Standards:  Non-static method PEAR::isError() should not be called statically, assuming $this from incompatible context in /usr/share/pear/Net/SMTP.php on line 982
[01-Aug-2017 09:55:48] PHP Strict Standards:  Non-static method PEAR::isError() should not be called statically, assuming $this from incompatible context in /usr/share/pear/Net/SMTP.php on line 265
[01-Aug-2017 09:55:48] PHP Strict Standards:  Non-static method PEAR::isError() should not be called statically, assuming $this from incompatible context in /usr/share/pear/Net/SMTP.php on line 985
[01-Aug-2017 09:55:48] PHP Strict Standards:  Non-static method PEAR::isError() should not be called statically, assuming $this from incompatible context in /usr/share/pear/Net/SMTP.php on line 1063
[01-Aug-2017 09:55:48] PHP Strict Standards:  Non-static method PEAR::isError() should not be called statically, assuming $this from incompatible context in /usr/share/pear/Net/SMTP.php on line 265
[01-Aug-2017 09:55:48] PHP Strict Standards:  Non-static method PEAR::isError() should not be called statically, assuming $this from incompatible context in /usr/share/pear/Net/SMTP.php on line 1066
[01-Aug-2017 09:55:48] PHP Strict Standards:  Non-static method PEAR::isError() should not be called statically, assuming $this from incompatible context in /usr/share/pear/Net/SMTP.php on line 1126
[01-Aug-2017 09:55:48] PHP Strict Standards:  Non-static method PEAR::isError() should not be called statically, assuming $this from incompatible context in /usr/share/pear/Net/SMTP.php on line 265
[01-Aug-2017 09:55:48] PHP Strict Standards:  Non-static method PEAR::isError() should not be called statically, assuming $this from incompatible context in /usr/share/pear/Net/SMTP.php on line 1136
[01-Aug-2017 09:55:48] PHP Strict Standards:  Non-static method PEAR::isError() should not be called statically, assuming $this from incompatible context in /usr/share/pear/Net/SMTP.php on line 265
[01-Aug-2017 09:55:48] PHP Strict Standards:  Non-static method PEAR::isError() should not be called statically, assuming $this from incompatible context in /usr/share/pear/Net/SMTP.php on line 1141
[01-Aug-2017 09:55:48] PHP Strict Standards:  Non-static method PEAR::isError() should not be called statically, assuming $this from incompatible context in /usr/share/pear/Net/SMTP.php on line 491
[01-Aug-2017 09:55:48] PHP Strict Standards:  Non-static method PEAR::isError() should not be called statically, assuming $this from incompatible context in /usr/share/pear/Net/SMTP.php on line 265
[01-Aug-2017 09:55:48] PHP Strict Standards:  Non-static method PEAR::isError() should not be called statically, assuming $this from incompatible context in /usr/share/pear/Net/SMTP.php on line 494
[01-Aug-2017 09:55:48] PHP Strict Standards:  Non-static method PEAR::isError() should not be called statically, assuming $this from incompatible context in /usr/share/pear/Net/SMTP.php on line 497
[01-Aug-2017 09:55:48] PHP Strict Standards:  Non-static method PEAR::isError() should not be called statically, assuming $this from incompatible context in /home/insigniamobile/public_html/Envio de correos desde el FE/sendmail.php on line 48
